<?xml version="1.0" encoding="UTF-8"?>
<!-- Generated by org.testng.reporters.JUnitReportReporter -->
<testsuite hostname="LAPTOP-LNHNK8AL" failures="0" tests="1" name="TestScript.ValidLoginTest" time="0.381" errors="0" timestamp="25 Jun 2024 09:07:48 GMT" skipped="0">
  <testcase classname="TestScript.ValidLoginTest" name="login" time="0.381"/>
</testsuite> <!-- TestScript.ValidLoginTest -->
