<?xml version="1.0" encoding="UTF-8"?>
<!-- Generated by org.testng.reporters.JUnitReportReporter -->
<testsuite hostname="LAPTOP-LNHNK8AL" failures="0" tests="5" name="DataProvider.WorkingWithDataProvider" time="11.128" errors="0" timestamp="20 Jun 2024 16:23:31 GMT" skipped="0">
  <testcase classname="DataProvider.WorkingWithDataProvider" name="loginwithDataProvider" time="1.963"/>
  <testcase classname="DataProvider.WorkingWithDataProvider" name="loginwithDataProvider" time="1.878"/>
  <testcase classname="DataProvider.WorkingWithDataProvider" name="loginwithDataProvider" time="3.360"/>
  <testcase classname="DataProvider.WorkingWithDataProvider" name="loginwithDataProvider" time="2.092"/>
  <testcase classname="DataProvider.WorkingWithDataProvider" name="loginwithDataProvider" time="1.835"/>
</testsuite> <!-- DataProvider.WorkingWithDataProvider -->
